<?xml version="1.0" encoding="UTF-8" ?>
<testsuite failures="0" time="0.011" errors="0" skipped="0" tests="1" name="es.uned.epardo30.test.bubbleend.AppTest">
  <properties>
    <property name="java.runtime.name" value="Java(TM) SE Runtime Environment"/>
    <property name="sun.boot.library.path" value="C:\Program Files (x86)\Java\jdk1.6.0_45\jre\bin"/>
    <property name="java.vm.version" value="20.45-b01"/>
    <property name="java.vm.vendor" value="Sun Microsystems Inc."/>
    <property name="java.vendor.url" value="http://java.sun.com/"/>
    <property name="path.separator" value=";"/>
    <property name="java.vm.name" value="Java HotSpot(TM) Client VM"/>
    <property name="file.encoding.pkg" value="sun.io"/>
    <property name="user.country" value="GB"/>
    <property name="sun.java.launcher" value="SUN_STANDARD"/>
    <property name="sun.os.patch.level" value="Service Pack 1"/>
    <property name="java.vm.specification.name" value="Java Virtual Machine Specification"/>
    <property name="user.dir" value="C:\Projects\uned\Bubble_\bubble_END"/>
    <property name="java.runtime.version" value="1.6.0_45-b06"/>
    <property name="java.awt.graphicsenv" value="sun.awt.Win32GraphicsEnvironment"/>
    <property name="basedir" value="C:\Projects\uned\Bubble_\bubble_END"/>
    <property name="java.endorsed.dirs" value="C:\Program Files (x86)\Java\jdk1.6.0_45\jre\lib\endorsed"/>
    <property name="os.arch" value="x86"/>
    <property name="surefire.real.class.path" value="C:\Users\EDUARD~1.GUI\AppData\Local\Temp\surefirebooter2967714121693272514.jar"/>
    <property name="java.io.tmpdir" value="C:\Users\EDUARD~1.GUI\AppData\Local\Temp\"/>
    <property name="line.separator" value="
"/>
    <property name="java.vm.specification.vendor" value="Sun Microsystems Inc."/>
    <property name="user.variant" value=""/>
    <property name="os.name" value="Windows 7"/>
    <property name="sun.jnu.encoding" value="Cp1252"/>
    <property name="java.library.path" value="C:\Program Files (x86)\Java\jdk1.6.0_45\jre\bin;C:\Windows\Sun\Java\bin;C:\Windows\system32;C:\Windows;C:\apps\oracle\product\11.2.0\client_1\bin;C:\Windows\system32;C:\Windows;C:\Windows\System32\Wbem;C:\Windows\System32\WindowsPowerShell\v1.0\;C:\Program Files\Perforce;C:\Program Files (x86)\Java\jdk1.6.0_45\bin;C:\apps\apache-ant-1.9.2\bin\;C:\apps\apache-maven-2.2.1\bin\;C:\Program Files\TortoiseSVN\bin;C:\Program Files\nodejs\;C:\Program Files\Microsoft SQL Server\110\Tools\Binn\;C:\Program Files (x86)\Git\bin;C:\Ruby193\bin;C:\Program Files\TortoiseGit\bin;C:\Users\eduardo.guillen\AppData\Roaming\npm;C:\Users\eduardo.guillen\bubble\android-sdk-windows\platform-tools;C:\Users\eduardo.guillen\bubble\android-sdk-windows\tools;."/>
    <property name="surefire.test.class.path" value="C:\Projects\uned\Bubble_\bubble_END\target\test-classes;C:\Projects\uned\Bubble_\bubble_END\target\classes;C:\Users\eduardo.guillen\.m2\repository\com\yammer\dropwizard\dropwizard-core\0.6.2\dropwizard-core-0.6.2.jar;C:\Users\eduardo.guillen\.m2\repository\com\sun\jersey\jersey-core\1.17.1\jersey-core-1.17.1.jar;C:\Users\eduardo.guillen\.m2\repository\com\sun\jersey\jersey-server\1.17.1\jersey-server-1.17.1.jar;C:\Users\eduardo.guillen\.m2\repository\asm\asm\3.1\asm-3.1.jar;C:\Users\eduardo.guillen\.m2\repository\com\sun\jersey\jersey-servlet\1.17.1\jersey-servlet-1.17.1.jar;C:\Users\eduardo.guillen\.m2\repository\com\yammer\metrics\metrics-core\2.2.0\metrics-core-2.2.0.jar;C:\Users\eduardo.guillen\.m2\repository\org\slf4j\slf4j-api\1.7.4\slf4j-api-1.7.4.jar;C:\Users\eduardo.guillen\.m2\repository\com\yammer\metrics\metrics-servlet\2.2.0\metrics-servlet-2.2.0.jar;C:\Users\eduardo.guillen\.m2\repository\com\fasterxml\jackson\core\jackson-databind\2.1.4\jackson-databind-2.1.4.jar;C:\Users\eduardo.guillen\.m2\repository\com\fasterxml\jackson\core\jackson-annotations\2.1.4\jackson-annotations-2.1.4.jar;C:\Users\eduardo.guillen\.m2\repository\com\fasterxml\jackson\core\jackson-core\2.1.4\jackson-core-2.1.4.jar;C:\Users\eduardo.guillen\.m2\repository\com\yammer\metrics\metrics-jetty\2.2.0\metrics-jetty-2.2.0.jar;C:\Users\eduardo.guillen\.m2\repository\org\eclipse\jetty\jetty-server\8.1.10.v20130312\jetty-server-8.1.10.v20130312.jar;C:\Users\eduardo.guillen\.m2\repository\org\eclipse\jetty\orbit\javax.servlet\3.0.0.v201112011016\javax.servlet-3.0.0.v201112011016.jar;C:\Users\eduardo.guillen\.m2\repository\org\eclipse\jetty\jetty-continuation\8.1.10.v20130312\jetty-continuation-8.1.10.v20130312.jar;C:\Users\eduardo.guillen\.m2\repository\org\eclipse\jetty\jetty-http\8.1.10.v20130312\jetty-http-8.1.10.v20130312.jar;C:\Users\eduardo.guillen\.m2\repository\org\eclipse\jetty\jetty-io\8.1.10.v20130312\jetty-io-8.1.10.v20130312.jar;C:\Users\eduardo.guillen\.m2\repository\org\eclipse\jetty\jetty-util\8.1.10.v20130312\jetty-util-8.1.10.v20130312.jar;C:\Users\eduardo.guillen\.m2\repository\com\yammer\metrics\metrics-logback\2.2.0\metrics-logback-2.2.0.jar;C:\Users\eduardo.guillen\.m2\repository\ch\qos\logback\logback-core\1.0.10\logback-core-1.0.10.jar;C:\Users\eduardo.guillen\.m2\repository\ch\qos\logback\logback-classic\1.0.10\logback-classic-1.0.10.jar;C:\Users\eduardo.guillen\.m2\repository\com\yammer\metrics\metrics-jersey\2.2.0\metrics-jersey-2.2.0.jar;C:\Users\eduardo.guillen\.m2\repository\com\yammer\metrics\metrics-annotation\2.2.0\metrics-annotation-2.2.0.jar;C:\Users\eduardo.guillen\.m2\repository\com\fasterxml\jackson\jaxrs\jackson-jaxrs-json-provider\2.1.4\jackson-jaxrs-json-provider-2.1.4.jar;C:\Users\eduardo.guillen\.m2\repository\com\fasterxml\jackson\module\jackson-module-jaxb-annotations\2.1.4\jackson-module-jaxb-annotations-2.1.4.jar;C:\Users\eduardo.guillen\.m2\repository\com\fasterxml\jackson\dataformat\jackson-dataformat-yaml\2.1.4\jackson-dataformat-yaml-2.1.4.jar;C:\Users\eduardo.guillen\.m2\repository\com\fasterxml\jackson\datatype\jackson-datatype-guava\2.1.2\jackson-datatype-guava-2.1.2.jar;C:\Users\eduardo.guillen\.m2\repository\com\google\guava\guava\14.0.1\guava-14.0.1.jar;C:\Users\eduardo.guillen\.m2\repository\com\google\code\findbugs\jsr305\2.0.1\jsr305-2.0.1.jar;C:\Users\eduardo.guillen\.m2\repository\net\sourceforge\argparse4j\argparse4j\0.4.0\argparse4j-0.4.0.jar;C:\Users\eduardo.guillen\.m2\repository\org\slf4j\jul-to-slf4j\1.7.4\jul-to-slf4j-1.7.4.jar;C:\Users\eduardo.guillen\.m2\repository\org\slf4j\log4j-over-slf4j\1.7.4\log4j-over-slf4j-1.7.4.jar;C:\Users\eduardo.guillen\.m2\repository\org\eclipse\jetty\jetty-servlet\8.1.10.v20130312\jetty-servlet-8.1.10.v20130312.jar;C:\Users\eduardo.guillen\.m2\repository\org\eclipse\jetty\jetty-security\8.1.10.v20130312\jetty-security-8.1.10.v20130312.jar;C:\Users\eduardo.guillen\.m2\repository\org\hibernate\hibernate-validator\4.3.1.Final\hibernate-validator-4.3.1.Final.jar;C:\Users\eduardo.guillen\.m2\repository\javax\validation\validation-api\1.0.0.GA\validation-api-1.0.0.GA.jar;C:\Users\eduardo.guillen\.m2\repository\org\jboss\logging\jboss-logging\3.1.0.CR2\jboss-logging-3.1.0.CR2.jar;C:\Users\eduardo.guillen\.m2\repository\joda-time\joda-time\2.2\joda-time-2.2.jar;C:\Users\eduardo.guillen\.m2\repository\com\fasterxml\jackson\datatype\jackson-datatype-joda\2.1.2\jackson-datatype-joda-2.1.2.jar;C:\Users\eduardo.guillen\.m2\repository\log4j\log4j\1.2.17\log4j-1.2.17.jar;C:\Users\eduardo.guillen\.m2\repository\org\eclipse\jetty\jetty-servlets\8.1.10.v20130312\jetty-servlets-8.1.10.v20130312.jar;C:\Users\eduardo.guillen\.m2\repository\org\eclipse\jetty\jetty-client\8.1.10.v20130312\jetty-client-8.1.10.v20130312.jar;C:\Users\eduardo.guillen\.m2\repository\junit\junit\3.8.1\junit-3.8.1.jar;"/>
    <property name="java.specification.name" value="Java Platform API Specification"/>
    <property name="java.class.version" value="50.0"/>
    <property name="sun.management.compiler" value="HotSpot Client Compiler"/>
    <property name="os.version" value="6.1"/>
    <property name="user.home" value="C:\Users\eduardo.guillen"/>
    <property name="user.timezone" value=""/>
    <property name="java.awt.printerjob" value="sun.awt.windows.WPrinterJob"/>
    <property name="java.specification.version" value="1.6"/>
    <property name="file.encoding" value="Cp1252"/>
    <property name="user.name" value="Eduardo.Guillen"/>
    <property name="java.class.path" value="C:\Projects\uned\Bubble_\bubble_END\target\test-classes;C:\Projects\uned\Bubble_\bubble_END\target\classes;C:\Users\eduardo.guillen\.m2\repository\com\yammer\dropwizard\dropwizard-core\0.6.2\dropwizard-core-0.6.2.jar;C:\Users\eduardo.guillen\.m2\repository\com\sun\jersey\jersey-core\1.17.1\jersey-core-1.17.1.jar;C:\Users\eduardo.guillen\.m2\repository\com\sun\jersey\jersey-server\1.17.1\jersey-server-1.17.1.jar;C:\Users\eduardo.guillen\.m2\repository\asm\asm\3.1\asm-3.1.jar;C:\Users\eduardo.guillen\.m2\repository\com\sun\jersey\jersey-servlet\1.17.1\jersey-servlet-1.17.1.jar;C:\Users\eduardo.guillen\.m2\repository\com\yammer\metrics\metrics-core\2.2.0\metrics-core-2.2.0.jar;C:\Users\eduardo.guillen\.m2\repository\org\slf4j\slf4j-api\1.7.4\slf4j-api-1.7.4.jar;C:\Users\eduardo.guillen\.m2\repository\com\yammer\metrics\metrics-servlet\2.2.0\metrics-servlet-2.2.0.jar;C:\Users\eduardo.guillen\.m2\repository\com\fasterxml\jackson\core\jackson-databind\2.1.4\jackson-databind-2.1.4.jar;C:\Users\eduardo.guillen\.m2\repository\com\fasterxml\jackson\core\jackson-annotations\2.1.4\jackson-annotations-2.1.4.jar;C:\Users\eduardo.guillen\.m2\repository\com\fasterxml\jackson\core\jackson-core\2.1.4\jackson-core-2.1.4.jar;C:\Users\eduardo.guillen\.m2\repository\com\yammer\metrics\metrics-jetty\2.2.0\metrics-jetty-2.2.0.jar;C:\Users\eduardo.guillen\.m2\repository\org\eclipse\jetty\jetty-server\8.1.10.v20130312\jetty-server-8.1.10.v20130312.jar;C:\Users\eduardo.guillen\.m2\repository\org\eclipse\jetty\orbit\javax.servlet\3.0.0.v201112011016\javax.servlet-3.0.0.v201112011016.jar;C:\Users\eduardo.guillen\.m2\repository\org\eclipse\jetty\jetty-continuation\8.1.10.v20130312\jetty-continuation-8.1.10.v20130312.jar;C:\Users\eduardo.guillen\.m2\repository\org\eclipse\jetty\jetty-http\8.1.10.v20130312\jetty-http-8.1.10.v20130312.jar;C:\Users\eduardo.guillen\.m2\repository\org\eclipse\jetty\jetty-io\8.1.10.v20130312\jetty-io-8.1.10.v20130312.jar;C:\Users\eduardo.guillen\.m2\repository\org\eclipse\jetty\jetty-util\8.1.10.v20130312\jetty-util-8.1.10.v20130312.jar;C:\Users\eduardo.guillen\.m2\repository\com\yammer\metrics\metrics-logback\2.2.0\metrics-logback-2.2.0.jar;C:\Users\eduardo.guillen\.m2\repository\ch\qos\logback\logback-core\1.0.10\logback-core-1.0.10.jar;C:\Users\eduardo.guillen\.m2\repository\ch\qos\logback\logback-classic\1.0.10\logback-classic-1.0.10.jar;C:\Users\eduardo.guillen\.m2\repository\com\yammer\metrics\metrics-jersey\2.2.0\metrics-jersey-2.2.0.jar;C:\Users\eduardo.guillen\.m2\repository\com\yammer\metrics\metrics-annotation\2.2.0\metrics-annotation-2.2.0.jar;C:\Users\eduardo.guillen\.m2\repository\com\fasterxml\jackson\jaxrs\jackson-jaxrs-json-provider\2.1.4\jackson-jaxrs-json-provider-2.1.4.jar;C:\Users\eduardo.guillen\.m2\repository\com\fasterxml\jackson\module\jackson-module-jaxb-annotations\2.1.4\jackson-module-jaxb-annotations-2.1.4.jar;C:\Users\eduardo.guillen\.m2\repository\com\fasterxml\jackson\dataformat\jackson-dataformat-yaml\2.1.4\jackson-dataformat-yaml-2.1.4.jar;C:\Users\eduardo.guillen\.m2\repository\com\fasterxml\jackson\datatype\jackson-datatype-guava\2.1.2\jackson-datatype-guava-2.1.2.jar;C:\Users\eduardo.guillen\.m2\repository\com\google\guava\guava\14.0.1\guava-14.0.1.jar;C:\Users\eduardo.guillen\.m2\repository\com\google\code\findbugs\jsr305\2.0.1\jsr305-2.0.1.jar;C:\Users\eduardo.guillen\.m2\repository\net\sourceforge\argparse4j\argparse4j\0.4.0\argparse4j-0.4.0.jar;C:\Users\eduardo.guillen\.m2\repository\org\slf4j\jul-to-slf4j\1.7.4\jul-to-slf4j-1.7.4.jar;C:\Users\eduardo.guillen\.m2\repository\org\slf4j\log4j-over-slf4j\1.7.4\log4j-over-slf4j-1.7.4.jar;C:\Users\eduardo.guillen\.m2\repository\org\eclipse\jetty\jetty-servlet\8.1.10.v20130312\jetty-servlet-8.1.10.v20130312.jar;C:\Users\eduardo.guillen\.m2\repository\org\eclipse\jetty\jetty-security\8.1.10.v20130312\jetty-security-8.1.10.v20130312.jar;C:\Users\eduardo.guillen\.m2\repository\org\hibernate\hibernate-validator\4.3.1.Final\hibernate-validator-4.3.1.Final.jar;C:\Users\eduardo.guillen\.m2\repository\javax\validation\validation-api\1.0.0.GA\validation-api-1.0.0.GA.jar;C:\Users\eduardo.guillen\.m2\repository\org\jboss\logging\jboss-logging\3.1.0.CR2\jboss-logging-3.1.0.CR2.jar;C:\Users\eduardo.guillen\.m2\repository\joda-time\joda-time\2.2\joda-time-2.2.jar;C:\Users\eduardo.guillen\.m2\repository\com\fasterxml\jackson\datatype\jackson-datatype-joda\2.1.2\jackson-datatype-joda-2.1.2.jar;C:\Users\eduardo.guillen\.m2\repository\log4j\log4j\1.2.17\log4j-1.2.17.jar;C:\Users\eduardo.guillen\.m2\repository\org\eclipse\jetty\jetty-servlets\8.1.10.v20130312\jetty-servlets-8.1.10.v20130312.jar;C:\Users\eduardo.guillen\.m2\repository\org\eclipse\jetty\jetty-client\8.1.10.v20130312\jetty-client-8.1.10.v20130312.jar;C:\Users\eduardo.guillen\.m2\repository\junit\junit\3.8.1\junit-3.8.1.jar;"/>
    <property name="java.vm.specification.version" value="1.0"/>
    <property name="sun.arch.data.model" value="32"/>
    <property name="java.home" value="C:\Program Files (x86)\Java\jdk1.6.0_45\jre"/>
    <property name="sun.java.command" value="C:\Users\EDUARD~1.GUI\AppData\Local\Temp\surefirebooter2967714121693272514.jar C:\Users\EDUARD~1.GUI\AppData\Local\Temp\surefire5313418189098134578tmp C:\Users\EDUARD~1.GUI\AppData\Local\Temp\surefire8723600113427639054tmp"/>
    <property name="java.specification.vendor" value="Sun Microsystems Inc."/>
    <property name="user.language" value="en"/>
    <property name="awt.toolkit" value="sun.awt.windows.WToolkit"/>
    <property name="java.vm.info" value="mixed mode, sharing"/>
    <property name="java.version" value="1.6.0_45"/>
    <property name="java.ext.dirs" value="C:\Program Files (x86)\Java\jdk1.6.0_45\jre\lib\ext;C:\Windows\Sun\Java\lib\ext"/>
    <property name="sun.boot.class.path" value="C:\Program Files (x86)\Java\jdk1.6.0_45\jre\lib\resources.jar;C:\Program Files (x86)\Java\jdk1.6.0_45\jre\lib\rt.jar;C:\Program Files (x86)\Java\jdk1.6.0_45\jre\lib\sunrsasign.jar;C:\Program Files (x86)\Java\jdk1.6.0_45\jre\lib\jsse.jar;C:\Program Files (x86)\Java\jdk1.6.0_45\jre\lib\jce.jar;C:\Program Files (x86)\Java\jdk1.6.0_45\jre\lib\charsets.jar;C:\Program Files (x86)\Java\jdk1.6.0_45\jre\lib\modules\jdk.boot.jar;C:\Program Files (x86)\Java\jdk1.6.0_45\jre\classes"/>
    <property name="java.vendor" value="Sun Microsystems Inc."/>
    <property name="localRepository" value="C:\Users\eduardo.guillen\.m2\repository"/>
    <property name="file.separator" value="\"/>
    <property name="java.vendor.url.bug" value="http://java.sun.com/cgi-bin/bugreport.cgi"/>
    <property name="sun.cpu.endian" value="little"/>
    <property name="sun.io.unicode.encoding" value="UnicodeLittle"/>
    <property name="sun.desktop" value="windows"/>
    <property name="sun.cpu.isalist" value="pentium_pro+mmx pentium_pro pentium+mmx pentium i486 i386 i86"/>
  </properties>
  <testcase time="0.002" classname="es.uned.epardo30.test.bubbleend.AppTest" name="testApp"/>
</testsuite>